Using pre-set license
Built from '6000.0/staging' branch; Version is '6000.0.33f1 (433b0a79340b) revision 4406026'; Using compiler version '193933523'; Build Type 'Release'
OS: 'Windows 11  (10.0.22631) 64bit Core' Language: 'en' Physical Memory: 16236 MB
BatchMode: 1, IsHumanControllingUs: 0, StartBugReporterOnCrash: 0, Is64bit: 1, IsPro: 1

COMMAND LINE ARGUMENTS:
C:\6000.0.33f1\Editor\Unity.exe
-adb2
-batchMode
-noUpm
-name
AssetImportWorker2
-projectPath
C:/Users/vansh/Documents/Unity/Rocket_Balancer
-logFile
Logs/AssetImportWorker2.log
-srvPort
62917
-job-worker-count
7
-background-job-worker-count
8
-gc-helper-count
1
Successfully changed project path to: C:/Users/vansh/Documents/Unity/Rocket_Balancer
C:/Users/vansh/Documents/Unity/Rocket_Balancer
[UnityMemory] Configuration Parameters - Can be set up in boot.config
    "memorysetup-bucket-allocator-granularity=16"
    "memorysetup-bucket-allocator-bucket-count=8"
    "memorysetup-bucket-allocator-block-size=33554432"
    "memorysetup-bucket-allocator-block-count=8"
    "memorysetup-main-allocator-block-size=16777216"
    "memorysetup-thread-allocator-block-size=16777216"
    "memorysetup-gfx-main-allocator-block-size=16777216"
    "memorysetup-gfx-thread-allocator-block-size=16777216"
    "memorysetup-cache-allocator-block-size=4194304"
    "memorysetup-typetree-allocator-block-size=2097152"
    "memorysetup-profiler-bucket-allocator-granularity=16"
    "memorysetup-profiler-bucket-allocator-bucket-count=8"
    "memorysetup-profiler-bucket-allocator-block-size=33554432"
    "memorysetup-profiler-bucket-allocator-block-count=8"
    "memorysetup-profiler-allocator-block-size=16777216"
    "memorysetup-profiler-editor-allocator-block-size=1048576"
    "memorysetup-temp-allocator-size-main=16777216"
    "memorysetup-job-temp-allocator-block-size=2097152"
    "memorysetup-job-temp-allocator-block-size-background=1048576"
    "memorysetup-job-temp-allocator-reduction-small-platforms=262144"
    "memorysetup-allocator-temp-initial-block-size-main=262144"
    "memorysetup-allocator-temp-initial-block-size-worker=262144"
    "memorysetup-temp-allocator-size-background-worker=32768"
    "memorysetup-temp-allocator-size-job-worker=262144"
    "memorysetup-temp-allocator-size-preload-manager=33554432"
    "memorysetup-temp-allocator-size-nav-mesh-worker=65536"
    "memorysetup-temp-allocator-size-audio-worker=65536"
    "memorysetup-temp-allocator-size-cloud-worker=32768"
    "memorysetup-temp-allocator-size-gi-baking-worker=262144"
    "memorysetup-temp-allocator-size-gi-baking-worker=262144"
    "memorysetup-temp-allocator-size-gi-baking-worker=262144"
    "memorysetup-temp-allocator-size-gi-baking-worker=262144"
    "memorysetup-temp-allocator-size-gi-baking-worker=262144"
    "memorysetup-temp-allocator-size-gfx=262144"
Player connection [14380]  Target information:

Player connection [14380]  * "[IP] 192.168.1.13 [Port] 0 [Flags] 2 [Guid] 1729907316 [EditorId] 1729907316 [Version] 1048832 [Id] WindowsEditor(7,Legion) [Debug] 1 [PackageName] WindowsEditor [ProjectName] Editor" 

Player connection [14380] Host joined multi-casting on [225.0.0.222:54997]...
Player connection [14380] Host joined alternative multi-casting on [225.0.0.222:34997]...
JobSystem: Creating JobQueue using job-worker-count value 7
[Physics::Module] Initialized fallback backend.
[Physics::Module] Id: 0xdecafbad
Library Redirect Path: Library/
[Physics::Module] Selected backend.
[Physics::Module] Name: PhysX
[Physics::Module] Id: 0xf2b8ea05
[Physics::Module] SDK Version: 4.1.2
[Physics::Module] Integration Version: 1.0.0
[Physics::Module] Threading Mode: Multi-Threaded
Refreshing native plugins compatible for Editor in 1.80 ms, found 3 plugins.
Preloading 0 native plugins for Editor in 0.00 ms.
Initialize engine version: 6000.0.33f1 (433b0a79340b)
[Subsystems] Discovering subsystems at path C:/6000.0.33f1/Editor/Data/Resources/UnitySubsystems
[Subsystems] Discovering subsystems at path C:/Users/vansh/Documents/Unity/Rocket_Balancer/Assets
GfxDevice: creating device client; kGfxThreadingModeNonThreaded
Direct3D:
    Version:  Direct3D 11.0 [level 11.1]
    Renderer: NVIDIA GeForce RTX 3070 Laptop GPU (ID=0x24dd)
    Vendor:   NVIDIA
    VRAM:     8020 MB
    Driver:   32.0.15.6636
Initialize mono
Mono path[0] = 'C:/6000.0.33f1/Editor/Data/Managed'
Mono path[1] = 'C:/6000.0.33f1/Editor/Data/MonoBleedingEdge/lib/mono/unityjit-win32'
Mono config path = 'C:/6000.0.33f1/Editor/Data/MonoBleedingEdge/etc'
Using monoOptions --debugger-agent=transport=dt_socket,embedding=1,server=y,suspend=n,address=127.0.0.1:56484
Begin MonoManager ReloadAssembly
Registering precompiled unity dll's ...
Register platform support module: C:/6000.0.33f1/Editor/Data/PlaybackEngines/WebGLSupport/UnityEditor.WebGL.Extensions.dll
Register platform support module: C:/6000.0.33f1/Editor/Data/PlaybackEngines/WindowsStandaloneSupport/UnityEditor.WindowsStandalone.Extensions.dll
Registered in 0.005248 seconds.
- Loaded All Assemblies, in  0.508 seconds
Native extension for WindowsStandalone target not found
Native extension for WebGL target not found
Mono: successfully reloaded assembly
- Finished resetting the current domain, in  0.388 seconds
Domain Reload Profiling: 893ms
	BeginReloadAssembly (164ms)
		ExecutionOrderSort (0ms)
		DisableScriptedObjects (0ms)
		BackupInstance (0ms)
		ReleaseScriptingObjects (0ms)
		CreateAndSetChildDomain (1ms)
	RebuildCommonClasses (48ms)
	RebuildNativeTypeToScriptingClass (13ms)
	initialDomainReloadingComplete (63ms)
	LoadAllAssembliesAndSetupDomain (217ms)
		LoadAssemblies (161ms)
		RebuildTransferFunctionScriptingTraits (0ms)
		AnalyzeDomain (211ms)
			TypeCache.Refresh (210ms)
				TypeCache.ScanAssembly (190ms)
			BuildScriptInfoCaches (0ms)
			ResolveRequiredComponents (0ms)
	FinalizeReload (389ms)
		ReleaseScriptCaches (0ms)
		RebuildScriptCaches (0ms)
		SetupLoadedEditorAssemblies (335ms)
			LogAssemblyErrors (0ms)
			InitializePlatformSupportModulesInManaged (34ms)
			SetLoadedEditorAssemblies (6ms)
			BeforeProcessingInitializeOnLoad (60ms)
			ProcessInitializeOnLoadAttributes (172ms)
			ProcessInitializeOnLoadMethodAttributes (62ms)
			AfterProcessingInitializeOnLoad (0ms)
			EditorAssembliesLoaded (0ms)
		ExecutionOrderSort2 (0ms)
		AwakeInstancesAfterBackupRestoration (0ms)
========================================================================
Worker process is ready to serve import requests
Import Worker Mode flag is 0x00
Begin MonoManager ReloadAssembly
- Loaded All Assemblies, in  1.062 seconds
Refreshing native plugins compatible for Editor in 1.63 ms, found 3 plugins.
Native extension for WindowsStandalone target not found
Native extension for WebGL target not found
Mono: successfully reloaded assembly
- Finished resetting the current domain, in  0.986 seconds
Domain Reload Profiling: 2041ms
	BeginReloadAssembly (243ms)
		ExecutionOrderSort (0ms)
		DisableScriptedObjects (9ms)
		BackupInstance (0ms)
		ReleaseScriptingObjects (0ms)
		CreateAndSetChildDomain (52ms)
	RebuildCommonClasses (52ms)
	RebuildNativeTypeToScriptingClass (18ms)
	initialDomainReloadingComplete (53ms)
	LoadAllAssembliesAndSetupDomain (689ms)
		LoadAssemblies (498ms)
		RebuildTransferFunctionScriptingTraits (0ms)
		AnalyzeDomain (329ms)
			TypeCache.Refresh (238ms)
				TypeCache.ScanAssembly (217ms)
			BuildScriptInfoCaches (76ms)
			ResolveRequiredComponents (12ms)
	FinalizeReload (987ms)
		ReleaseScriptCaches (0ms)
		RebuildScriptCaches (0ms)
		SetupLoadedEditorAssemblies (786ms)
			LogAssemblyErrors (0ms)
			InitializePlatformSupportModulesInManaged (4ms)
			SetLoadedEditorAssemblies (8ms)
			BeforeProcessingInitializeOnLoad (134ms)
			ProcessInitializeOnLoadAttributes (527ms)
			ProcessInitializeOnLoadMethodAttributes (107ms)
			AfterProcessingInitializeOnLoad (7ms)
			EditorAssembliesLoaded (0ms)
		ExecutionOrderSort2 (0ms)
		AwakeInstancesAfterBackupRestoration (6ms)
Launched and connected shader compiler UnityShaderCompiler.exe after 0.01 seconds
Refreshing native plugins compatible for Editor in 1.86 ms, found 3 plugins.
Preloading 0 native plugins for Editor in 0.00 ms.
Unloading 198 Unused Serialized files (Serialized files now loaded: 0)
Unloading 5936 unused Assets / (6.3 MB). Loaded Objects now: 6573.
Memory consumption went from 155.5 MB to 149.2 MB.
Total: 17.234200 ms (FindLiveObjects: 1.556700 ms CreateObjectMapping: 1.380400 ms MarkObjects: 7.814300 ms  DeleteObjects: 6.480500 ms)

========================================================================
Received Import Request.
  Time since last request: 623294.997506 seconds.
  path: Assets/GameDevTV Assets/Models/Mothership_02_Radar_Blue.fbx
  artifactKey: Guid(52d989fc3ffe226438abaa75b261b465) Importer(815301076,1909f56bfc062723c751e8b465ee728b)
Start importing Assets/GameDevTV Assets/Models/Mothership_02_Radar_Blue.fbx using Guid(52d989fc3ffe226438abaa75b261b465) Importer(815301076,1909f56bfc062723c751e8b465ee728b) (PreviewImporter) -> (artifact id: '10dce73402fbce974b121f12da8da7a5') in 6.9747104 seconds
Number of updated asset objects reloaded before import = 0Number of asset objects unloaded after import = 12

========================================================================
Received Import Request.
  Time since last request: 0.000058 seconds.
  path: Assets/GameDevTV Assets/Models/Rock_Env.fbx
  artifactKey: Guid(f9cb973757deaba4f95f2527e2e3a34d) Importer(815301076,1909f56bfc062723c751e8b465ee728b)
Start importing Assets/GameDevTV Assets/Models/Rock_Env.fbx using Guid(f9cb973757deaba4f95f2527e2e3a34d) Importer(815301076,1909f56bfc062723c751e8b465ee728b) (PreviewImporter) -> (artifact id: 'c1abb9f49c9b1b8737d9db2b54bfc0ca') in 0.0317206 seconds
Number of updated asset objects reloaded before import = 0Number of asset objects unloaded after import = 7

========================================================================
Received Import Request.
  Time since last request: 0.000050 seconds.
  path: Assets/GameDevTV Assets/Models/Rock_Cliff_Env_01.fbx
  artifactKey: Guid(4c4582e1ea08b314aa3abafba0c1fbcc) Importer(815301076,1909f56bfc062723c751e8b465ee728b)
Start importing Assets/GameDevTV Assets/Models/Rock_Cliff_Env_01.fbx using Guid(4c4582e1ea08b314aa3abafba0c1fbcc) Importer(815301076,1909f56bfc062723c751e8b465ee728b) (PreviewImporter) -> (artifact id: '180bd2bf90f904f738655eb2aa5a7684') in 0.0259606 seconds
Number of updated asset objects reloaded before import = 0Number of asset objects unloaded after import = 7

========================================================================
Received Import Request.
  Time since last request: 0.000036 seconds.
  path: Assets/GameDevTV Assets/Models/Fighter_04_Detail_2_Red.fbx
  artifactKey: Guid(a7ea52d7fead8ad42b0a8091bcde9767) Importer(815301076,1909f56bfc062723c751e8b465ee728b)
Start importing Assets/GameDevTV Assets/Models/Fighter_04_Detail_2_Red.fbx using Guid(a7ea52d7fead8ad42b0a8091bcde9767) Importer(815301076,1909f56bfc062723c751e8b465ee728b) (PreviewImporter) -> (artifact id: '17222eb1474333bc514bae342634f0e7') in 0.0308781 seconds
Number of updated asset objects reloaded before import = 0Number of asset objects unloaded after import = 9

========================================================================
Received Import Request.
  Time since last request: 0.000036 seconds.
  path: Assets/GameDevTV Assets/Models/Mothership_01_Detail_1_Red.fbx
  artifactKey: Guid(9fb748e3e4a44734fb888a35dac681ad) Importer(815301076,1909f56bfc062723c751e8b465ee728b)
Start importing Assets/GameDevTV Assets/Models/Mothership_01_Detail_1_Red.fbx using Guid(9fb748e3e4a44734fb888a35dac681ad) Importer(815301076,1909f56bfc062723c751e8b465ee728b) (PreviewImporter) -> (artifact id: '7bc56d672f08fe3a891ba42de632ee8a') in 0.0247217 seconds
Number of updated asset objects reloaded before import = 0Number of asset objects unloaded after import = 9

========================================================================
Received Import Request.
  Time since last request: 0.000025 seconds.
  path: Assets/GameDevTV Assets/Models/Rock_Small_Env_05.fbx
  artifactKey: Guid(2d2baf9e37e36e045abf18859d4bb082) Importer(815301076,1909f56bfc062723c751e8b465ee728b)
Start importing Assets/GameDevTV Assets/Models/Rock_Small_Env_05.fbx using Guid(2d2baf9e37e36e045abf18859d4bb082) Importer(815301076,1909f56bfc062723c751e8b465ee728b) (PreviewImporter) -> (artifact id: '2431651e30bc1316f4abf11a291d371e') in 0.0233003 seconds
Number of updated asset objects reloaded before import = 0Number of asset objects unloaded after import = 7

========================================================================
Received Import Request.
  Time since last request: 0.000035 seconds.
  path: Assets/GameDevTV Assets/Models/Fighter_10_Yellow.fbx
  artifactKey: Guid(2506c32f90ed869409734d062d07c67e) Importer(815301076,1909f56bfc062723c751e8b465ee728b)
Start importing Assets/GameDevTV Assets/Models/Fighter_10_Yellow.fbx using Guid(2506c32f90ed869409734d062d07c67e) Importer(815301076,1909f56bfc062723c751e8b465ee728b) (PreviewImporter) -> (artifact id: 'c9ad5318a0230db1d55c3f47c0db4e12') in 3.4525189 seconds
Number of updated asset objects reloaded before import = 0Number of asset objects unloaded after import = 11

========================================================================
Received Import Request.
  Time since last request: 67.498190 seconds.
  path: Assets/GameDevTV Assets/Materials and Textures/Colour_Palette_Sci Fi.mat
  artifactKey: Guid(1ad4e47271285f4498c0af5fdac4e638) Importer(815301076,1909f56bfc062723c751e8b465ee728b)
Start importing Assets/GameDevTV Assets/Materials and Textures/Colour_Palette_Sci Fi.mat using Guid(1ad4e47271285f4498c0af5fdac4e638) Importer(815301076,1909f56bfc062723c751e8b465ee728b) (PreviewImporter) -> (artifact id: 'a8c2df9e8f65fab73b03b371018d6b91') in 0.0185853 seconds
Number of updated asset objects reloaded before import = 0Number of asset objects unloaded after import = 2

========================================================================
Received Import Request.
  Time since last request: 3.742894 seconds.
  path: Assets/GameDevTV Assets/Materials and Textures/GameDev.tv Green.mat
  artifactKey: Guid(76b1a399f49d8a34c969523505e31e6d) Importer(815301076,1909f56bfc062723c751e8b465ee728b)
Start importing Assets/GameDevTV Assets/Materials and Textures/GameDev.tv Green.mat using Guid(76b1a399f49d8a34c969523505e31e6d) Importer(815301076,1909f56bfc062723c751e8b465ee728b) (PreviewImporter) -> (artifact id: '3971eb1217c83944416075ac60d87cf5') in 0.0161109 seconds
Number of updated asset objects reloaded before import = 0Number of asset objects unloaded after import = 1

========================================================================
Received Import Request.
  Time since last request: 3.988294 seconds.
  path: Assets/GameDevTV Assets/Models/Crate_02_2_Glow.fbx
  artifactKey: Guid(e19c54858e9d4cf4d9f790e8385103e3) Importer(815301076,1909f56bfc062723c751e8b465ee728b)
Start importing Assets/GameDevTV Assets/Models/Crate_02_2_Glow.fbx using Guid(e19c54858e9d4cf4d9f790e8385103e3) Importer(815301076,1909f56bfc062723c751e8b465ee728b) (PreviewImporter) -> (artifact id: '548f02e03a535290c54736bb3ddb6d18') in 0.021633 seconds
Number of updated asset objects reloaded before import = 0Number of asset objects unloaded after import = 25

========================================================================
Received Import Request.
  Time since last request: 2.970143 seconds.
  path: Assets/GameDevTV Assets/Materials and Textures/New Material.mat
  artifactKey: Guid(0fedd85d48d6919449437cfafe1db151) Importer(815301076,1909f56bfc062723c751e8b465ee728b)
Start importing Assets/GameDevTV Assets/Materials and Textures/New Material.mat using Guid(0fedd85d48d6919449437cfafe1db151) Importer(815301076,1909f56bfc062723c751e8b465ee728b) (PreviewImporter) -> (artifact id: '0b9e3a92f6a3707da1fcc8380d67d5ed') in 0.0170344 seconds
Number of updated asset objects reloaded before import = 0Number of asset objects unloaded after import = 1

========================================================================
Received Import Request.
  Time since last request: 2.210509 seconds.
  path: Assets/GameDevTV Assets/Models/Dropship_01_Tank_Red.fbx
  artifactKey: Guid(a41951dc5dfb26c4d9f2e74b27bb583c) Importer(815301076,1909f56bfc062723c751e8b465ee728b)
Start importing Assets/GameDevTV Assets/Models/Dropship_01_Tank_Red.fbx using Guid(a41951dc5dfb26c4d9f2e74b27bb583c) Importer(815301076,1909f56bfc062723c751e8b465ee728b) (PreviewImporter) -> (artifact id: '03e96a007cb60a6b6c93fd4a4ab72545') in 0.0211853 seconds
Number of updated asset objects reloaded before import = 0Number of asset objects unloaded after import = 25

========================================================================
Received Import Request.
  Time since last request: 8.003405 seconds.
  path: Assets/GameDevTV Assets/Models/Fighter_10_Frontal_Body_Yellow.fbx
  artifactKey: Guid(d3a527b05ad621a47849900f5849db58) Importer(815301076,1909f56bfc062723c751e8b465ee728b)
Start importing Assets/GameDevTV Assets/Models/Fighter_10_Frontal_Body_Yellow.fbx using Guid(d3a527b05ad621a47849900f5849db58) Importer(815301076,1909f56bfc062723c751e8b465ee728b) (PreviewImporter) -> (artifact id: '41a75b9d03dc66bc1725460d85437259') in 0.0224743 seconds
Number of updated asset objects reloaded before import = 0Number of asset objects unloaded after import = 33

========================================================================
Received Import Request.
  Time since last request: 2.556174 seconds.
  path: Assets/GameDevTV Assets/Models/Spaceship
  artifactKey: Guid(488f65184f6f41940a166e85f1ee602a) Importer(815301076,1909f56bfc062723c751e8b465ee728b)
Start importing Assets/GameDevTV Assets/Models/Spaceship using Guid(488f65184f6f41940a166e85f1ee602a) Importer(815301076,1909f56bfc062723c751e8b465ee728b) (PreviewImporter) -> (artifact id: 'b787c3f1ad2e1fa7d4294888e1a6531a') in 0.0006551 seconds
Number of updated asset objects reloaded before import = 0Number of asset objects unloaded after import = 0

========================================================================
Received Import Request.
  Time since last request: 0.033537 seconds.
  path: Assets/GameDevTV Assets/Models/Spaceship/Dropship_04_Lander_Front.fbx
  artifactKey: Guid(bab2c68a03c375d4a9c4b0a36d2e2ebb) Importer(815301076,1909f56bfc062723c751e8b465ee728b)
Start importing Assets/GameDevTV Assets/Models/Spaceship/Dropship_04_Lander_Front.fbx using Guid(bab2c68a03c375d4a9c4b0a36d2e2ebb) Importer(815301076,1909f56bfc062723c751e8b465ee728b) (PreviewImporter) -> (artifact id: 'e7248d5955275862559a5a699613d2dc') in 0.0220209 seconds
Number of updated asset objects reloaded before import = 0Number of asset objects unloaded after import = 9

========================================================================
Received Import Request.
  Time since last request: 0.000027 seconds.
  path: Assets/GameDevTV Assets/Models/Spaceship/Fighter_06_Side_Frame_Blue.fbx
  artifactKey: Guid(342e0f1558a0ec843b178e4552a0dbb5) Importer(815301076,1909f56bfc062723c751e8b465ee728b)
Start importing Assets/GameDevTV Assets/Models/Spaceship/Fighter_06_Side_Frame_Blue.fbx using Guid(342e0f1558a0ec843b178e4552a0dbb5) Importer(815301076,1909f56bfc062723c751e8b465ee728b) (PreviewImporter) -> (artifact id: 'eebb26bf8b2f653f98690333abf140f5') in 0.0255048 seconds
Number of updated asset objects reloaded before import = 0Number of asset objects unloaded after import = 9

========================================================================
Received Import Request.
  Time since last request: 2.357823 seconds.
  path: Assets/GameDevTV Assets/Materials and Textures/Castle-Palette-Material.mat
  artifactKey: Guid(b20396b4a8fc9ea4598cbb3f8d4ff60d) Importer(815301076,1909f56bfc062723c751e8b465ee728b)
Start importing Assets/GameDevTV Assets/Materials and Textures/Castle-Palette-Material.mat using Guid(b20396b4a8fc9ea4598cbb3f8d4ff60d) Importer(815301076,1909f56bfc062723c751e8b465ee728b) (PreviewImporter) -> (artifact id: '59e3c51abf3ec3da1b9d3966809ae83c') in 2.782498 seconds
Number of updated asset objects reloaded before import = 0Number of asset objects unloaded after import = 4

========================================================================
Received Import Request.
  Time since last request: 80.196666 seconds.
  path: Assets/GameDevTV Assets/Models/Dropship_01_Tank_Red.fbx
  artifactKey: Guid(a41951dc5dfb26c4d9f2e74b27bb583c) Importer(815301076,1909f56bfc062723c751e8b465ee728b)
Start importing Assets/GameDevTV Assets/Models/Dropship_01_Tank_Red.fbx using Guid(a41951dc5dfb26c4d9f2e74b27bb583c) Importer(815301076,1909f56bfc062723c751e8b465ee728b) (PreviewImporter) -> (artifact id: '2fb9389b3c85fee4d69b78b2304551d4') in 0.019872 seconds
Number of updated asset objects reloaded before import = 0Number of asset objects unloaded after import = 16

========================================================================
Received Import Request.
  Time since last request: 9.397917 seconds.
  path: Assets/GameDevTV Assets/Materials and Textures/Castle-Emission.png
  artifactKey: Guid(87a2fb48c1f035247816574d433fbe12) Importer(815301076,1909f56bfc062723c751e8b465ee728b)
Start importing Assets/GameDevTV Assets/Materials and Textures/Castle-Emission.png using Guid(87a2fb48c1f035247816574d433fbe12) Importer(815301076,1909f56bfc062723c751e8b465ee728b) (PreviewImporter) -> (artifact id: '86352eabe99aa7e7d69bae680bb48bfa') in 0.0233325 seconds
Number of updated asset objects reloaded before import = 0Number of asset objects unloaded after import = 2

========================================================================
Received Import Request.
  Time since last request: 0.000028 seconds.
  path: Assets/GameDevTV Assets/Materials and Textures/Castle-MetallicSmoothpng.png
  artifactKey: Guid(14ccd4af4096c524290f20c0e464c27b) Importer(815301076,1909f56bfc062723c751e8b465ee728b)
Start importing Assets/GameDevTV Assets/Materials and Textures/Castle-MetallicSmoothpng.png using Guid(14ccd4af4096c524290f20c0e464c27b) Importer(815301076,1909f56bfc062723c751e8b465ee728b) (PreviewImporter) -> (artifact id: '82e7715d932b1de6ca46405e6685baa7') in 0.0153322 seconds
Number of updated asset objects reloaded before import = 0Number of asset objects unloaded after import = 2

========================================================================
Received Import Request.
  Time since last request: 6.332622 seconds.
  path: Assets/GameDevTV Assets/Models/Spaceship/Fighter_04_Detail_1_Blue.fbx
  artifactKey: Guid(953fe30c7b4888b418f3afc42ceefee8) Importer(815301076,1909f56bfc062723c751e8b465ee728b)
Start importing Assets/GameDevTV Assets/Models/Spaceship/Fighter_04_Detail_1_Blue.fbx using Guid(953fe30c7b4888b418f3afc42ceefee8) Importer(815301076,1909f56bfc062723c751e8b465ee728b) (PreviewImporter) -> (artifact id: '28351f2809b3560ce2fcb54c962cdaf7') in 0.0178844 seconds
Number of updated asset objects reloaded before import = 0Number of asset objects unloaded after import = 9

========================================================================
Received Import Request.
  Time since last request: 734.327823 seconds.
  path: Assets/GameDevTV Assets/Materials and Textures/Rocket Blue.mat
  artifactKey: Guid(f084d4f4c5c90874d9e97b3a252d1482) Importer(815301076,1909f56bfc062723c751e8b465ee728b)
Start importing Assets/GameDevTV Assets/Materials and Textures/Rocket Blue.mat using Guid(f084d4f4c5c90874d9e97b3a252d1482) Importer(815301076,1909f56bfc062723c751e8b465ee728b) (PreviewImporter) -> (artifact id: '9ce6b31ab36dad5893b6cf54328ac40b') in 0.0178662 seconds
Number of updated asset objects reloaded before import = 0Number of asset objects unloaded after import = 2

========================================================================
Received Prepare
Refreshing native plugins compatible for Editor in 1.22 ms, found 3 plugins.
Preloading 0 native plugins for Editor in 0.00 ms.
Unloading 38 Unused Serialized files (Serialized files now loaded: 0)
Unloading 5926 unused Assets / (6.6 MB). Loaded Objects now: 6767.
Memory consumption went from 148.6 MB to 142.0 MB.
Total: 12.035200 ms (FindLiveObjects: 0.845900 ms CreateObjectMapping: 0.655600 ms MarkObjects: 6.895100 ms  DeleteObjects: 3.637100 ms)

Prepare: number of updated asset objects reloaded= 0
========================================================================
Received Prepare
Begin MonoManager ReloadAssembly
- Loaded All Assemblies, in  0.738 seconds
Refreshing native plugins compatible for Editor in 1.17 ms, found 3 plugins.
Native extension for WindowsStandalone target not found
Native extension for WebGL target not found
Mono: successfully reloaded assembly
- Finished resetting the current domain, in  0.746 seconds
Domain Reload Profiling: 1481ms
	BeginReloadAssembly (230ms)
		ExecutionOrderSort (0ms)
		DisableScriptedObjects (22ms)
		BackupInstance (0ms)
		ReleaseScriptingObjects (0ms)
		CreateAndSetChildDomain (66ms)
	RebuildCommonClasses (35ms)
	RebuildNativeTypeToScriptingClass (12ms)
	initialDomainReloadingComplete (30ms)
	LoadAllAssembliesAndSetupDomain (427ms)
		LoadAssemblies (348ms)
		RebuildTransferFunctionScriptingTraits (0ms)
		AnalyzeDomain (179ms)
			TypeCache.Refresh (9ms)
				TypeCache.ScanAssembly (0ms)
			BuildScriptInfoCaches (157ms)
			ResolveRequiredComponents (10ms)
	FinalizeReload (746ms)
		ReleaseScriptCaches (0ms)
		RebuildScriptCaches (0ms)
		SetupLoadedEditorAssemblies (546ms)
			LogAssemblyErrors (0ms)
			InitializePlatformSupportModulesInManaged (3ms)
			SetLoadedEditorAssemblies (6ms)
			BeforeProcessingInitializeOnLoad (110ms)
			ProcessInitializeOnLoadAttributes (371ms)
			ProcessInitializeOnLoadMethodAttributes (49ms)
			AfterProcessingInitializeOnLoad (6ms)
			EditorAssembliesLoaded (0ms)
		ExecutionOrderSort2 (0ms)
		AwakeInstancesAfterBackupRestoration (12ms)
Refreshing native plugins compatible for Editor in 1.34 ms, found 3 plugins.
Preloading 0 native plugins for Editor in 0.00 ms.
Unloading 47 Unused Serialized files (Serialized files now loaded: 0)
Unloading 5932 unused Assets / (6.8 MB). Loaded Objects now: 6661.
Memory consumption went from 158.7 MB to 151.9 MB.
Total: 11.628400 ms (FindLiveObjects: 0.705500 ms CreateObjectMapping: 0.638800 ms MarkObjects: 6.028200 ms  DeleteObjects: 4.254300 ms)

Prepare: number of updated asset objects reloaded= 0
========================================================================
Received Import Request.
  Time since last request: 388.096841 seconds.
  path: Assets/Scripts/Test.cs
  artifactKey: Guid(42096b2a8adbe0940bb8ff4d84e7d86f) Importer(815301076,1909f56bfc062723c751e8b465ee728b)
Start importing Assets/Scripts/Test.cs using Guid(42096b2a8adbe0940bb8ff4d84e7d86f) Importer(815301076,1909f56bfc062723c751e8b465ee728b) (PreviewImporter) -> (artifact id: '1c48edeba58617a4501899dfb4ffa814') in 0.0068813 seconds
Number of updated asset objects reloaded before import = 0Number of asset objects unloaded after import = 0

